<?xml version="1.0" encoding="UTF-8"?>
<testng-results ignored="0" total="1" passed="1" failed="0" skipped="0">
  <reporter-output>
  </reporter-output>
  <suite started-at="2023-01-08T00:59:32Z" name="Default suite" finished-at="2023-01-08T01:00:50Z" duration-ms="78114">
    <groups>
    </groups>
    <test started-at="2023-01-08T00:59:32Z" name="Default test" finished-at="2023-01-08T01:00:50Z" duration-ms="78114">
      <class name="org.pojoclass.RunnerClass">
        <test-method signature="adactinPage()[pri:0, instance:org.pojoclass.RunnerClass@c430e6c]" started-at="2023-01-08T00:59:32Z" name="adactinPage" finished-at="2023-01-08T01:00:50Z" duration-ms="78069" status="PASS">
          <reporter-output>
          </reporter-output>
        </test-method> <!-- adactinPage -->
      </class> <!-- org.pojoclass.RunnerClass -->
    </test> <!-- Default test -->
  </suite> <!-- Default suite -->
</testng-results>
